{
  "stats": {
    "suites": 1,
    "tests": 1,
    "passes": 1,
    "pending": 0,
    "failures": 0,
    "start": "2024-07-30T23:15:49.573Z",
    "end": "2024-07-30T23:15:52.054Z",
    "duration": 2481,
    "testsRegistered": 1,
    "passPercent": 100,
    "pendingPercent": 0,
    "other": 0,
    "hasOther": false,
    "skipped": 0,
    "hasSkipped": false
  },
  "results": [
    {
      "uuid": "387b55e8-435a-43f9-b7af-2df0a12442bb",
      "title": "",
      "fullFile": "cypress\\e2e\\spec.cy.js",
      "file": "cypress\\e2e\\spec.cy.js",
      "beforeHooks": [],
      "afterHooks": [],
      "tests": [],
      "suites": [
        {
          "uuid": "4d7f9ba7-9237-4375-b34f-cfa384c89b56",
          "title": "TesteApi",
          "fullFile": "",
          "file": "",
          "beforeHooks": [],
          "afterHooks": [],
          "tests": [
            {
              "title": "Realizar uma requisição do tipo PUT",
              "fullTitle": "TesteApi Realizar uma requisição do tipo PUT",
              "timedOut": null,
              "duration": 2399,
              "state": "passed",
              "speed": "fast",
              "pass": true,
              "fail": false,
              "pending": false,
              "context": null,
              "code": "cy.request({\n  url: `https://jsonplaceholder.typicode.com/users/${userId}`,\n  method: 'PUT',\n  body: {\n    \"email\": \"dietrich@gmail.com\",\n    \"address\": {\n      \"geo\": {\n        \"lat\": \"-50.000\",\n        \"lng\": \"80.000\"\n      }\n    }\n  }\n}).as('response');\ncy.get('@response').then(res => {\n  expect(res.status).to.be.equal(200);\n  expect(res.body).to.have.property('email', 'dietrich@gmail.com');\n  expect(res.body.address.geo).to.have.property('lat', '-50.000');\n  expect(res.body.address.geo).to.have.property('lng', '80.000');\n});",
              "err": {},
              "uuid": "1eccd52d-67f2-4478-b2f8-490ccc6755e3",
              "parentUUID": "4d7f9ba7-9237-4375-b34f-cfa384c89b56",
              "isHook": false,
              "skipped": false
            }
          ],
          "suites": [],
          "passes": [
            "1eccd52d-67f2-4478-b2f8-490ccc6755e3"
          ],
          "failures": [],
          "pending": [],
          "skipped": [],
          "duration": 2399,
          "root": false,
          "rootEmpty": false,
          "_timeout": 2000
        }
      ],
      "passes": [],
      "failures": [],
      "pending": [],
      "skipped": [],
      "duration": 0,
      "root": true,
      "rootEmpty": true,
      "_timeout": 2000
    }
  ],
  "meta": {
    "mocha": {
      "version": "7.0.1"
    },
    "mochawesome": {
      "options": {
        "quiet": false,
        "reportFilename": "mochawesome",
        "saveHtml": false,
        "saveJson": true,
        "consoleReporter": "spec",
        "useInlineDiffs": false,
        "code": true
      },
      "version": "7.1.3"
    },
    "marge": {
      "options": {
        "reportDir": "cypress/reports",
        "overwrite": false,
        "html": false,
        "json": true
      },
      "version": "6.2.0"
    }
  }
}